<?xml version="1.0" encoding="UTF-8"?>
<!-- Generated by org.testng.reporters.JUnitXMLReporter -->
<testsuite hostname="LAPTOP-FSSSHEBO" name="Default test" tests="5" failures="0" timestamp="29 Dec 2016 16:46:04 GMT" time="0.045" errors="0">
  <testcase name="@BeforeTest doRunBeforeTestCase" time="0.0" classname="org.jlite.core.jlite.TestCaseRunner">
    <failure type="org.testng.TestNGException" message="
Parameter &amp;apos;inputfile_path&amp;apos; is required by @Configuration on method doRunBeforeTestCase but has not been marked @Optional or defined
in C:\Users\Mokshitha\AppData\Local\Temp\testng-eclipse-551987171\testng-customsuite.xml">
      <![CDATA[org.testng.TestNGException: 
Parameter 'inputfile_path' is required by @Configuration on method doRunBeforeTestCase but has not been marked @Optional or defined
in C:\Users\Mokshitha\AppData\Local\Temp\testng-eclipse-551987171\testng-customsuite.xml
	at org.testng.internal.Parameters.createParameters(Parameters.java:155)
	at org.testng.internal.Parameters.createParameters(Parameters.java:355)
	at org.testng.internal.Parameters.createConfigurationParameters(Parameters.java:86)
	at org.testng.internal.Invoker.invokeConfigurations(Invoker.java:199)
	at org.testng.internal.Invoker.invokeConfigurations(Invoker.java:138)
	at org.testng.TestRunner.beforeRun(TestRunner.java:641)
	at org.testng.TestRunner.run(TestRunner.java:609)
	at org.testng.SuiteRunner.runTest(SuiteRunner.java:334)
	at org.testng.SuiteRunner.runSequentially(SuiteRunner.java:329)
	at org.testng.SuiteRunner.privateRun(SuiteRunner.java:291)
	at org.testng.SuiteRunner.run(SuiteRunner.java:240)
	at org.testng.SuiteRunnerWorker.runSuite(SuiteRunnerWorker.java:52)
	at org.testng.SuiteRunnerWorker.run(SuiteRunnerWorker.java:86)
	at org.testng.TestNG.runSuitesSequentially(TestNG.java:1198)
	at org.testng.TestNG.runSuitesLocally(TestNG.java:1123)
	at org.testng.TestNG.run(TestNG.java:1031)
	at org.testng.remote.AbstractRemoteTestNG.run(AbstractRemoteTestNG.java:132)
	at org.testng.remote.RemoteTestNG.initAndRun(RemoteTestNG.java:236)
	at org.testng.remote.RemoteTestNG.main(RemoteTestNG.java:81)
]]>
    </failure>
  </testcase> <!-- @BeforeTest doRunBeforeTestCase -->
  <testcase name="@AfterTest doRunAfterTestCase" time="0.0" classname="org.jlite.core.jlite.TestCaseRunner">
    <skipped/>
  </testcase> <!-- @AfterTest doRunAfterTestCase -->
  <testcase name="doTest" time="0.001" classname="com.poet.core.test.testcases.TestClassOne">
    <skipped/>
  </testcase> <!-- doTest -->
  <testcase name="testMe" time="0.007" classname="com.poet.core.test.testcases.TestClassOne">
    <skipped/>
  </testcase> <!-- testMe -->
  <testcase name="doTest" time="0.002" classname="com.poet.core.test.testcases.TestOneaTest">
    <skipped/>
  </testcase> <!-- doTest -->
  <testcase name="doTest" time="0.001" classname="com.poet.core.test.testcases.TestOneTwo">
    <skipped/>
  </testcase> <!-- doTest -->
  <testcase name="doRunTestCase" time="0.002" classname="org.jlite.core.jlite.TestCaseRunner">
    <skipped/>
  </testcase> <!-- doRunTestCase -->
</testsuite> <!-- Default test -->
